<?xml version="1.0" encoding="UTF-8"?>
<testsuite xmlns:xsi="http://www.w3.org/2001/XMLSchema-instance" xsi:noNamespaceSchemaLocation="https://maven.apache.org/surefire/maven-surefire-plugin/xsd/surefire-test-report-3.0.xsd" version="3.0" name="com.runner.TestRunner" time="115.807" tests="11" errors="0" skipped="0" failures="0">
  <properties>
[...]
</properties>
  <testcase name="runScenario[&quot;verification of the search bar&quot;, &quot;Automated UI Testing&quot;](1)" classname="com.runner.TestRunner" time="5.521">
    <system-out><![CDATA[******* SETTING UP WEBDRIVER *******
Running tests on browser: chrome
***** WEBDRIVER INITIALIZED ******

@HomePage
Scenario: verification of the search bar                   &amp#27;[90m# src/test/resources/features/DemoWebShop.feature:4&amp#27;[0m
  &amp#27;[32mGiven &amp#27;[0m&amp#27;[32muser navigates to the home page&amp#27;[0m                    &amp#27;[90m# com.stepdefinition.HomePageStep.user_navigates_to_the_home_page()&amp#27;[0m
  &amp#27;[32mWhen &amp#27;[0m&amp#27;[32muser locate search bar&amp#27;[0m                              &amp#27;[90m# com.stepdefinition.HomePageStep.user_locate_search_bar()&amp#27;[0m
Search bar is displayed and functional!
]]></system-out>
    <system-err><![CDATA[Mar 21, 2025 9:22:07 AM org.openqa.selenium.devtools.CdpVersionFinder findNearestMatch
WARNING: Unable to find an exact match for CDP version 134, returning the closest version; found: 133; Please update to a Selenium version that supports CDP version 134
]]></system-err>
  </testcase>
  <testcase name="runScenario[&quot;Verification of functionality by searching different products&quot;, &quot;Automated UI Testing&quot;](2)" classname="com.runner.TestRunner" time="7.328">
    <system-out><![CDATA[******* SETTING UP WEBDRIVER *******
Running tests on browser: chrome
***** WEBDRIVER INITIALIZED ******
  &amp#27;[32mAnd &amp#27;[0m&amp#27;[32muser verifies search bar is displayed and functional&amp#27;[0m &amp#27;[90m# com.stepdefinition.HomePageStep.user_verifies_search_bar_displayed_and_functional()&amp#27;[0m
  &amp#27;[32mThen &amp#27;[0m&amp#27;[32muser should display success message&amp#27;[0m                 &amp#27;[90m# com.stepdefinition.HomePageStep.user_should_display_success_message()&amp#27;[0m

@SearchFunctionality
Scenario: Verification of functionality by searching different products &amp#27;[90m# src/test/resources/features/DemoWebShop.feature:19&amp#27;[0m
  &amp#27;[32mGiven &amp#27;[0m&amp#27;[32mUser is in the search page&amp#27;[0m                                      &amp#27;[90m# com.stepdefinition.SearchFunctionalitySteps.user_is_in_the_search_page()&amp#27;[0m
Search and filtering for product successful!
]]></system-out>
    <system-err><![CDATA[Mar 21, 2025 9:22:12 AM org.openqa.selenium.devtools.CdpVersionFinder findNearestMatch
WARNING: Unable to find an exact match for CDP version 134, returning the closest version; found: 133; Please update to a Selenium version that supports CDP version 134
]]></system-err>
  </testcase>
  <testcase name="runScenario[&quot;Verification of functionality by searching different products&quot;, &quot;Automated UI Testing&quot;](3)" classname="com.runner.TestRunner" time="7.702">
    <system-out><![CDATA[  &amp#27;[32mWhen &amp#27;[0m&amp#27;[32mUser searches for &amp#27;[0m&amp#27;[32m&amp#27;[1m"Laptop"&amp#27;[0m                                       &amp#27;[90m# com.stepdefinition.SearchFunctionalitySteps.user_searches_for_product(java.lang.String)&amp#27;[0m
  &amp#27;[32mAnd &amp#27;[0m&amp#27;[32mUser filters the results&amp#27;[0m                                          &amp#27;[90m# com.stepdefinition.SearchFunctionalitySteps.user_filters_the_results()&amp#27;[0m
  &amp#27;[32mThen &amp#27;[0m&amp#27;[32mUser should see the filtered results&amp#27;[0m                             &amp#27;[90m# com.stepdefinition.SearchFunctionalitySteps.user_should_see_the_filtered_results()&amp#27;[0m

@SearchFunctionality
Scenario: Verification ******* SETTING UP WEBDRIVER *******
Running tests on browser: chrome
***** WEBDRIVER INITIALIZED ******
of functionality by searching different products &amp#27;[90m# src/test/resources/features/DemoWebShop.feature:20&amp#27;[0m
  &amp#27;[32mGiven &amp#27;[0m&amp#27;[32mUser is in the search page&amp#27;[0m                                      &amp#27;[90m# com.stepdefinition.SearchFunctionalitySteps.user_is_in_the_search_page()&amp#27;[0m
  &amp#27;[32mWhen &amp#27;[0m&amp#27;[32mUser searches for &amp#27;[0m&amp#27;[32m&amp#27;[1m"Computer"&amp#27;[0m                                     &amp#27;[90m# com.stepdefinition.SearchFunctionalitySteps.user_searches_for_product(java.lang.String)&amp#27;[0m
  &amp#27;[32mAnd &amp#27;[0m&amp#27;[32mUser filters the results&amp#27;[0m                                          &amp#27;[90m# com.stepdefinition.Search and filtering for product successful!
]]></system-out>
    <system-err><![CDATA[Mar 21, 2025 9:22:19 AM org.openqa.selenium.devtools.CdpVersionFinder findNearestMatch
WARNING: Unable to find an exact match for CDP version 134, returning the closest version; found: 133; Please update to a Selenium version that supports CDP version 134
]]></system-err>
  </testcase>
  <testcase name="runScenario[&quot;Verification of functionality by searching different products&quot;, &quot;Automated UI Testing&quot;](4)" classname="com.runner.TestRunner" time="7.573">
    <system-out><![CDATA[******* SETTING UP WEBDRIVER *******
Running tests on browser: chrome
***** WEBDRIVER INITIALIZED ******
SearchFunctionalitySteps.user_filters_the_results()&amp#27;[0m
  &amp#27;[32mThen &amp#27;[0m&amp#27;[32mUser should see the filtered results&amp#27;[0m                             &amp#27;[90m# com.stepdefinition.SearchFunctionalitySteps.user_should_see_the_filtered_results()&amp#27;[0m

@SearchFunctionality
Scenario: Verification of functionality by searching different products &amp#27;[90m# src/test/resources/features/DemoWebShop.feature:21&amp#27;[0m
  &amp#27;[32mGiven &amp#27;[0m&amp#27;[32mUser is in the search page&amp#27;[0m                                      &amp#27;[90m# com.stepdefinition.SearchFunctionalitySteps.user_is_in_the_search_page()&amp#27;[0m
  &amp#27;[32mWhen &amp#27;[0m&amp#27;[32mUser searcheSearch and filtering for product successful!
]]></system-out>
    <system-err><![CDATA[Mar 21, 2025 9:22:27 AM org.openqa.selenium.devtools.CdpVersionFinder findNearestMatch
WARNING: Unable to find an exact match for CDP version 134, returning the closest version; found: 133; Please update to a Selenium version that supports CDP version 134
]]></system-err>
  </testcase>
  <testcase name="runScenario[&quot;Verification of functionality by searching different products&quot;, &quot;Automated UI Testing&quot;](5)" classname="com.runner.TestRunner" time="7.96">
    <system-out><![CDATA[s for &amp#27;[0m&amp#27;[32m&amp#27;[1m"Jeans"&amp#27;[0m                                        &amp#27;[90m# com.stepdefinition.SearchFunctionalitySteps.user_searches_for_product(java.lang.String)&amp#27;[0m
  &amp#27;[32mAnd &amp#27;[0m&amp#27;[32mUser filters the results&amp#27;[0m                                          &amp#27;[90m# com.stepdefinition.SearchFunctionalitySteps.user_filters_the_results()&amp#27;[0m
  &amp#27;[32mThen &amp#27;[0m&amp#27;[32mUser should see the filtered results&amp#27;[0m                             &amp#27;[90m# com.stepdefinition.SearchFunctionalitySteps.user_should_see_the_filtered_results()&amp#27;[0m

@SearchFunctionality
Scenario: Verification of functionality by searching dif******* SETTING UP WEBDRIVER *******
Running tests on browser: chrome
***** WEBDRIVER INITIALIZED ******
ferent products &amp#27;[90m# src/test/resources/features/DemoWebShop.feature:22&amp#27;[0m
  &amp#27;[32mGiven &amp#27;[0m&amp#27;[32mUser is in the search page&amp#27;[0m                                      &amp#27;[90m# com.stepdefinition.SearchFunctionalitySteps.user_is_in_the_search_page()&amp#27;[0m
  &amp#27;[32mWhen &amp#27;[0m&amp#27;[32mUser searches for &amp#27;[0m&amp#27;[32m&amp#27;[1m"Jewelry"&amp#27;[0m                                      &amp#27;[90m# com.stepdefinition.SearchFunctionalitySteps.user_searches_for_product(java.lang.String)&amp#27;[0m
  &amp#27;[32mAnd &amp#27;[0m&amp#27;[32mUser filters the results&amp#27;[0m                                          &amp#27;[90m# com.stepdefinition.SearchFunctionalitySteps.user_filSearch and filtering for product successful!
]]></system-out>
    <system-err><![CDATA[Mar 21, 2025 9:22:35 AM org.openqa.selenium.devtools.CdpVersionFinder findNearestMatch
WARNING: Unable to find an exact match for CDP version 134, returning the closest version; found: 133; Please update to a Selenium version that supports CDP version 134
]]></system-err>
  </testcase>
  <testcase name="runScenario[&quot;Validate the product details&quot;, &quot;Automated UI Testing&quot;](6)" classname="com.runner.TestRunner" time="15.195">
    <system-out><![CDATA[******* SETTING UP WEBDRIVER *******
Running tests on browser: chrome
***** WEBDRIVER INITIALIZED ******
50's Rockabilly Polka Dot Top JR Plus Size
50's Rockabilly Polka Dot Top JR Plus Size
11.00
(300, 299)
Availability: In stock
Product details displayed correctly.
ters_the_results()&amp#27;[0m
  &amp#27;[32mThen &amp#27;[0m&amp#27;[32mUser should see the filtered results&amp#27;[0m                             &amp#27;[90m# com.stepdefinition.SearchFunctionalitySteps.user_should_see_the_filtered_results()&amp#27;[0m

@ProductDetailsPage
Scenario: Validate the product details                   &amp#27;[90m# src/test/resources/features/DemoWebShop.feature:25&amp#27;[0m
  &amp#27;[32mGiven &amp#27;[0m&amp#27;[32mUser navigates to &amp#27;[0m&amp#27;[32m&amp#27;[1m"APPAREL & SHOES"&amp#27;[0m&amp#27;[32m section&amp#27;[0m      &amp#27;[90m# com.stepdefinition.ProductDetailsPageSteps.user_navigates_to_section(java.lang.String)&amp#27;[0m
  &amp#27;[32mWhen &amp#27;[0m&amp#27;[32mUser selects the product  and validate dProduct successfully added to wishlist and cart.
]]></system-out>
    <system-err><![CDATA[Mar 21, 2025 9:22:42 AM org.openqa.selenium.devtools.CdpVersionFinder findNearestMatch
WARNING: Unable to find an exact match for CDP version 134, returning the closest version; found: 133; Please update to a Selenium version that supports CDP version 134
]]></system-err>
  </testcase>
  <testcase name="runScenario[&quot;Managing the cart products&quot;, &quot;Automated UI Testing&quot;](7)" classname="com.runner.TestRunner" time="24.75">
    <system-out><![CDATA[******* SETTING UP WEBDRIVER *******
Running tests on browser: chrome
***** WEBDRIVER INITIALIZED ******
etails&amp#27;[0m    &amp#27;[90m# com.stepdefinition.ProductDetailsPageSteps.user_selects_product_and_validate_details()&amp#27;[0m
  &amp#27;[32mAnd &amp#27;[0m&amp#27;[32mUser adds product to wishlist and cart&amp#27;[0m             &amp#27;[90m# com.stepdefinition.ProductDetailsPageSteps.user_adds_product_to_wishlist_and_cart()&amp#27;[0m
  &amp#27;[32mThen &amp#27;[0m&amp#27;[32mUser should see products in the wishlist and cart&amp#27;[0m &amp#27;[90m# com.stepdefinition.ProductDetailsPageSteps.user_should_see_products_in_wishlist_and_cart()&amp#27;[0m

@ShoppingCart
Scenario: Managing the cart products                     &amp#27;[90m# src/test/resources/features/DemoWebShop.feature:32&amp#27;[0m
  &amp#27;[32mGivIn the checkout page
en &amp#27;[0m&amp#27;[32mUser login to the website&amp#27;[0m                        &amp#27;[90m# com.stepdefinition.ShoppingCartSteps.user_login_to_the_website()&amp#27;[0m
  &amp#27;[32mWhen &amp#27;[0m&amp#27;[32mUser adds product to cart and removes product&amp#27;[0m     &amp#27;[90m# com.stepdefinition.ShoppingCartSteps.user_adds_product_to_cart_and_removes_product()&amp#27;[0m
  &amp#27;[32mAnd &amp#27;[0m&amp#27;[32mUser updtates the quantity and proceed to checkout&amp#27;[0m &amp#27;[90m# com.stepdefinition.ShoppingCartSteps.user_updtates_the_quantity_and_proceed_to_checkout()&amp#27;[0m
  &amp#27;[32mThen &amp#27;[0m&amp#27;[32mUser should confirm  the checkout page&amp#27;[0m            &amp#27;[90m# com.stepdefinition.ShoppingCartSt]]></system-out>
    <system-err><![CDATA[Mar 21, 2025 9:22:58 AM org.openqa.selenium.devtools.CdpVersionFinder findNearestMatch
WARNING: Unable to find an exact match for CDP version 134, returning the closest version; found: 133; Please update to a Selenium version that supports CDP version 134
]]></system-err>
  </testcase>
  <testcase name="runScenario[&quot;Successful User Registration&quot;, &quot;Automated UI Testing&quot;](8)" classname="com.runner.TestRunner" time="7.169">
    <system-out><![CDATA[******* SETTING UP WEBDRIVER *******
Running tests on browser: chrome
***** WEBDRIVER INITIALIZED ******
eps.user_should_confirm_the_checkout_page()&amp#27;[0m

@Registration
Scenario: Successful User Registration                &amp#27;[90m# src/test/resources/features/DemoWebShop.feature:39&amp#27;[0m
  &amp#27;[32mGiven &amp#27;[0m&amp#27;[32mUser navigates to the homepage&amp#27;[0m                &amp#27;[90m# com.stepdefinition.RegistrationSteps.user_navigates_to_the_homepage()&amp#27;[0m
  &amp#27;[32mWhen &amp#27;[0m&amp#27;[32mUser clicks on the register button&amp#27;[0m             &amp#27;[90m# com.stepdefinition.RegistrationSteps.user_clicks_on_the_register_button()&amp#27;[0m
  &amp#27;[32mAnd &amp#27;[0m&amp#27;[32mUser enters registration details&amp#27;[0m                &amp#27;[90m# com.stepdefinition.RegistrationStepRegistration successful!
]]></system-out>
    <system-err><![CDATA[Mar 21, 2025 9:23:22 AM org.openqa.selenium.devtools.CdpVersionFinder findNearestMatch
WARNING: Unable to find an exact match for CDP version 134, returning the closest version; found: 133; Please update to a Selenium version that supports CDP version 134
]]></system-err>
  </testcase>
  <testcase name="runScenario[&quot;UserLogin&quot;, &quot;Automated UI Testing&quot;](9)" classname="com.runner.TestRunner" time="7.124">
    <system-out><![CDATA[******* SETTING UP WEBDRIVER *******
Running tests on browser: chrome
***** WEBDRIVER INITIALIZED ******
s.user_enters_registration_details()&amp#27;[0m
  &amp#27;[32mAnd &amp#27;[0m&amp#27;[32mUser submits the registration form&amp#27;[0m              &amp#27;[90m# com.stepdefinition.RegistrationSteps.user_submits_the_registration_form()&amp#27;[0m
  &amp#27;[32mThen &amp#27;[0m&amp#27;[32mUser should see a registration success message&amp#27;[0m &amp#27;[90m# com.stepdefinition.RegistrationSteps.user_should_see_a_registration_success_message()&amp#27;[0m

@Login
Scenario: UserLogin                             &amp#27;[90m# src/test/resources/features/DemoWebShop.feature:47&amp#27;[0m
  &amp#27;[32mGiven &amp#27;[0m&amp#27;[32mUser is in the homepage&amp#27;[0m                 &amp#27;[90m# com.stepdefinition.LoginSteps.user_is_in_the_Login successful!
]]></system-out>
    <system-err><![CDATA[Mar 21, 2025 9:23:30 AM org.openqa.selenium.devtools.CdpVersionFinder findNearestMatch
WARNING: Unable to find an exact match for CDP version 134, returning the closest version; found: 133; Please update to a Selenium version that supports CDP version 134
ERROR StatusLogger Log4j2 could not find a logging implementation. Please add log4j-core to the classpath. Using SimpleLogger to log to the console...
]]></system-err>
  </testcase>
  <testcase name="runScenario[&quot;Password Recovery Steps&quot;, &quot;Automated UI Testing&quot;](10)" classname="com.runner.TestRunner" time="8.243">
    <system-out><![CDATA[homepage()&amp#27;[0m
  &amp#27;[32mWhen &amp#27;[0m&amp#27;[32mUser click on Login button&amp#27;[0m               &amp#27;[90m# com.stepdefinition.LoginSteps.user_click_on_login_button()&amp#27;[0m
  &amp#27;[32mAnd &amp#27;[0m&amp#27;[32mUser fetches credentials from excel sheet&amp#27;[0m &amp#27;[90m# com.stepdefinition.LoginSteps.user_fetches_credentials_from_excel_sheet()&amp#27;[0m
  &amp#27;[32mAnd &amp#27;[0m&amp#27;[32mUser click on submit button&amp#27;[0m               &amp#27;[90m# com.stepdefinition.LoginSteps.user_click_on_submit_button()&amp#27;[0m
  &amp#27;[32mThen &amp#27;[0m&amp#27;[32mUser should see login success message&amp#27;[0m    &amp#27;[90m# com.stepdefinition.LoginSteps.user_should_see_login_success_message()&amp#27;[0m

@PasswordRecover******* SETTING UP WEBDRIVER *******
Running tests on browser: chrome
***** WEBDRIVER INITIALIZED ******
y
Scenario: Password Recovery Steps                               &amp#27;[90m# src/test/resources/features/DemoWebShop.feature:56&amp#27;[0m
  &amp#27;[32mGiven &amp#27;[0m&amp#27;[32mUser is in home page and click on login&amp#27;[0m                 &amp#27;[90m# com.stepdefinition.PasswordRecoverySteps.user_is_in_home_page_and_click_on_login()&amp#27;[0m
  &amp#27;[32mWhen &amp#27;[0m&amp#27;[32mUser enters email and wrong password&amp#27;[0m                     &amp#27;[90m# com.stepdefinition.PasswordRecoverySteps.user_enters_email_and_wrong_password()&amp#27;[0m
  &amp#27;[32mThen &amp#27;[0m&amp#27;[32mUser should click on Forgot password&amp#27;[0m                     &amp#27;[90m# com.stepdefinition.PasswordRecoverySt]]></system-out>
    <system-err><![CDATA[Mar 21, 2025 9:23:37 AM org.openqa.selenium.devtools.CdpVersionFinder findNearestMatch
WARNING: Unable to find an exact match for CDP version 134, returning the closest version; found: 133; Please update to a Selenium version that supports CDP version 134
]]></system-err>
  </testcase>
  <testcase name="runScenario[&quot;Successfully placing an order with a credit card payment&quot;, &quot;Automated UI Testing&quot;](11)" classname="com.runner.TestRunner" time="16.336">
    <system-out><![CDATA[******* SETTING UP WEBDRIVER *******
Running tests on browser: chrome
***** WEBDRIVER INITIALIZED ******
eps.user_should_click_on_forgot_password()&amp#27;[0m
  &amp#27;[32mAnd &amp#27;[0m&amp#27;[32mUser should enter valid email and click on Recover button&amp#27;[0m &amp#27;[90m# com.stepdefinition.PasswordRecoverySteps.user_should_enter_valid_email_and_click_on_recover_button()&amp#27;[0m
  &amp#27;[32mThen &amp#27;[0m&amp#27;[32mUser should get message recovery steps sent&amp#27;[0m              &amp#27;[90m# com.stepdefinition.PasswordRecoverySteps.user_should_get_message_recovery_steps_sent()&amp#27;[0m

@OrderPlacement
Scenario: Successfully placing an order with a credit card payment  &amp#27;[90m# src/test/resources/features/DemoWebShop.feature:64&amp#27;[0m
  &amp#27;[32mGiven &amp#27;[0m&amp#27;[32mUser login with valid credentials&amp#27;[0m                           &amp#27;[90m# com.stepdefinition.OrderPlacementSteps.user_login_with_valid_credentials()&amp#27;[0m
  &amp#27;[32mThen &amp#27;[0m&amp#27;[32mUser move to desired product section&amp#27;[0m                         &amp#27;[90m# com.stepdefinition.OrderPlacementSteps.user_move_to_desired_product_section()&amp#27;[0m
  &amp#27;[32mAnd &amp#27;[0m&amp#27;[32mUser adds desired product in that section to cart&amp#27;[0m             &amp#27;[90m# com.stepdefinition.OrderPlacementSteps.user_adds_desired_product_in_that_section_to_cart()&amp#27;[0m
  &amp#27;[32mThen &amp#27;[0m&amp#27;[32mUser click on shopping cart button&amp#27;[0m                           &amp#27;[90m# com.stepdefinition.OrderPlacementSteps.user_click_on_shopping_cart_button()&amp#27;[0m
  &amp#27;[32mWhen &amp#27;[0m&amp#27;[32mUser selects country and clicks accept terms and checkout&amp#27;[0m    &amp#27;[90m# com.stepdefinition.OrderPlacementSteps.user_selects_country_and_clicks_accept_terms_and_checkout()&amp#27;[0m
  &amp#27;[32mThen &amp#27;[0m&amp#27;[32mUser should fill required details in Billing address section&amp#27;[0m &amp#27;[90m# com.stepdefinition.OrderPlacementSteps.user_should_fill_required_details_in_billing_address_section()&amp#27;[0m
  &amp#27;[32mAnd &amp#27;[0m&amp#27;[32mUser should select a payment method and click continue&amp#27;[0m        &amp#27;[90m# com.stepdefinition.OrderPlacementSteps.user_sOrder placed successfully!
]]></system-out>
    <system-err><![CDATA[Mar 21, 2025 9:23:45 AM org.openqa.selenium.devtools.CdpVersionFinder findNearestMatch
WARNING: Unable to find an exact match for CDP version 134, returning the closest version; found: 133; Please update to a Selenium version that supports CDP version 134
]]></system-err>
  </testcase>
</testsuite>