<?xml version="1.0" encoding="UTF-8"?>
<testng-results ignored="0" total="11" passed="11" failed="0" skipped="0">
  <reporter-output>
  </reporter-output>
  <suite started-at="2025-03-21T09:22:05 IST" name="Surefire suite" finished-at="2025-03-21T09:24:00 IST" duration-ms="115420">
    <groups>
      <group name="cucumber">
        <method signature="AbstractTestNGCucumberTests.runScenario(io.cucumber.testng.PickleWrapper,io.cucumber.testng.FeatureWrapper)[pri:0, instance:com.runner.TestRunner@7fc2413d]" name="runScenario" class="io.cucumber.testng.AbstractTestNGCucumberTests"/>
      </group> <!-- cucumber -->
    </groups>
    <test started-at="2025-03-21T09:22:05 IST" name="Surefire test" finished-at="2025-03-21T09:24:00 IST" duration-ms="115420">
      <class name="com.runner.TestRunner">
        <test-method is-config="true" signature="setUpClass(org.testng.ITestContext)[pri:0, instance:com.runner.TestRunner@7fc2413d]" started-at="2025-03-21T09:22:05 IST" name="setUpClass" finished-at="2025-03-21T09:22:05 IST" duration-ms="265" status="PASS">
          <params>
            <param index="0">
              <value>
                <![CDATA[org.testng.TestRunner@51508029]]>
              </value>
            </param>
          </params>
          <reporter-output>
          </reporter-output>
        </test-method> <!-- setUpClass -->
        <test-method signature="runScenario(io.cucumber.testng.PickleWrapper,io.cucumber.testng.FeatureWrapper)[pri:0, instance:com.runner.TestRunner@7fc2413d]" started-at="2025-03-21T09:22:05 IST" name="runScenario" description="Runs Cucumber Scenarios" data-provider="scenarios" finished-at="2025-03-21T09:22:11 IST" duration-ms="5518" status="PASS">
          <params>
            <param index="0">
              <value>
                <![CDATA["verification of the search bar"]]>
              </value>
            </param>
            <param index="1">
              <value>
                <![CDATA["Automated UI Testing"]]>
              </value>
            </param>
          </params>
          <reporter-output>
          </reporter-output>
        </test-method> <!-- runScenario -->
        <test-method signature="runScenario(io.cucumber.testng.PickleWrapper,io.cucumber.testng.FeatureWrapper)[pri:0, instance:com.runner.TestRunner@7fc2413d]" started-at="2025-03-21T09:22:11 IST" name="runScenario" description="Runs Cucumber Scenarios" data-provider="scenarios" finished-at="2025-03-21T09:22:18 IST" duration-ms="7332" status="PASS">
          <params>
            <param index="0">
              <value>
                <![CDATA["Verification of functionality by searching different products"]]>
              </value>
            </param>
            <param index="1">
              <value>
                <![CDATA["Automated UI Testing"]]>
              </value>
            </param>
          </params>
          <reporter-output>
          </reporter-output>
        </test-method> <!-- runScenario -->
        <test-method signature="runScenario(io.cucumber.testng.PickleWrapper,io.cucumber.testng.FeatureWrapper)[pri:0, instance:com.runner.TestRunner@7fc2413d]" started-at="2025-03-21T09:22:18 IST" name="runScenario" description="Runs Cucumber Scenarios" data-provider="scenarios" finished-at="2025-03-21T09:22:26 IST" duration-ms="7715" status="PASS">
          <params>
            <param index="0">
              <value>
                <![CDATA["Verification of functionality by searching different products"]]>
              </value>
            </param>
            <param index="1">
              <value>
                <![CDATA["Automated UI Testing"]]>
              </value>
            </param>
          </params>
          <reporter-output>
          </reporter-output>
        </test-method> <!-- runScenario -->
        <test-method signature="runScenario(io.cucumber.testng.PickleWrapper,io.cucumber.testng.FeatureWrapper)[pri:0, instance:com.runner.TestRunner@7fc2413d]" started-at="2025-03-21T09:22:26 IST" name="runScenario" description="Runs Cucumber Scenarios" data-provider="scenarios" finished-at="2025-03-21T09:22:33 IST" duration-ms="7573" status="PASS">
          <params>
            <param index="0">
              <value>
                <![CDATA["Verification of functionality by searching different products"]]>
              </value>
            </param>
            <param index="1">
              <value>
                <![CDATA["Automated UI Testing"]]>
              </value>
            </param>
          </params>
          <reporter-output>
          </reporter-output>
        </test-method> <!-- runScenario -->
        <test-method signature="runScenario(io.cucumber.testng.PickleWrapper,io.cucumber.testng.FeatureWrapper)[pri:0, instance:com.runner.TestRunner@7fc2413d]" started-at="2025-03-21T09:22:33 IST" name="runScenario" description="Runs Cucumber Scenarios" data-provider="scenarios" finished-at="2025-03-21T09:22:41 IST" duration-ms="7961" status="PASS">
          <params>
            <param index="0">
              <value>
                <![CDATA["Verification of functionality by searching different products"]]>
              </value>
            </param>
            <param index="1">
              <value>
                <![CDATA["Automated UI Testing"]]>
              </value>
            </param>
          </params>
          <reporter-output>
          </reporter-output>
        </test-method> <!-- runScenario -->
        <test-method signature="runScenario(io.cucumber.testng.PickleWrapper,io.cucumber.testng.FeatureWrapper)[pri:0, instance:com.runner.TestRunner@7fc2413d]" started-at="2025-03-21T09:22:41 IST" name="runScenario" description="Runs Cucumber Scenarios" data-provider="scenarios" finished-at="2025-03-21T09:22:57 IST" duration-ms="15195" status="PASS">
          <params>
            <param index="0">
              <value>
                <![CDATA["Validate the product details"]]>
              </value>
            </param>
            <param index="1">
              <value>
                <![CDATA["Automated UI Testing"]]>
              </value>
            </param>
          </params>
          <reporter-output>
          </reporter-output>
        </test-method> <!-- runScenario -->
        <test-method signature="runScenario(io.cucumber.testng.PickleWrapper,io.cucumber.testng.FeatureWrapper)[pri:0, instance:com.runner.TestRunner@7fc2413d]" started-at="2025-03-21T09:22:57 IST" name="runScenario" description="Runs Cucumber Scenarios" data-provider="scenarios" finished-at="2025-03-21T09:23:21 IST" duration-ms="24750" status="PASS">
          <params>
            <param index="0">
              <value>
                <![CDATA["Managing the cart products"]]>
              </value>
            </param>
            <param index="1">
              <value>
                <![CDATA["Automated UI Testing"]]>
              </value>
            </param>
          </params>
          <reporter-output>
          </reporter-output>
        </test-method> <!-- runScenario -->
        <test-method signature="runScenario(io.cucumber.testng.PickleWrapper,io.cucumber.testng.FeatureWrapper)[pri:0, instance:com.runner.TestRunner@7fc2413d]" started-at="2025-03-21T09:23:21 IST" name="runScenario" description="Runs Cucumber Scenarios" data-provider="scenarios" finished-at="2025-03-21T09:23:29 IST" duration-ms="7169" status="PASS">
          <params>
            <param index="0">
              <value>
                <![CDATA["Successful User Registration"]]>
              </value>
            </param>
            <param index="1">
              <value>
                <![CDATA["Automated UI Testing"]]>
              </value>
            </param>
          </params>
          <reporter-output>
          </reporter-output>
        </test-method> <!-- runScenario -->
        <test-method signature="runScenario(io.cucumber.testng.PickleWrapper,io.cucumber.testng.FeatureWrapper)[pri:0, instance:com.runner.TestRunner@7fc2413d]" started-at="2025-03-21T09:23:29 IST" name="runScenario" description="Runs Cucumber Scenarios" data-provider="scenarios" finished-at="2025-03-21T09:23:36 IST" duration-ms="7125" status="PASS">
          <params>
            <param index="0">
              <value>
                <![CDATA["UserLogin"]]>
              </value>
            </param>
            <param index="1">
              <value>
                <![CDATA["Automated UI Testing"]]>
              </value>
            </param>
          </params>
          <reporter-output>
          </reporter-output>
        </test-method> <!-- runScenario -->
        <test-method signature="runScenario(io.cucumber.testng.PickleWrapper,io.cucumber.testng.FeatureWrapper)[pri:0, instance:com.runner.TestRunner@7fc2413d]" started-at="2025-03-21T09:23:36 IST" name="runScenario" description="Runs Cucumber Scenarios" data-provider="scenarios" finished-at="2025-03-21T09:23:44 IST" duration-ms="8244" status="PASS">
          <params>
            <param index="0">
              <value>
                <![CDATA["Password Recovery Steps"]]>
              </value>
            </param>
            <param index="1">
              <value>
                <![CDATA["Automated UI Testing"]]>
              </value>
            </param>
          </params>
          <reporter-output>
          </reporter-output>
        </test-method> <!-- runScenario -->
        <test-method signature="runScenario(io.cucumber.testng.PickleWrapper,io.cucumber.testng.FeatureWrapper)[pri:0, instance:com.runner.TestRunner@7fc2413d]" started-at="2025-03-21T09:23:44 IST" name="runScenario" description="Runs Cucumber Scenarios" data-provider="scenarios" finished-at="2025-03-21T09:24:00 IST" duration-ms="16336" status="PASS">
          <params>
            <param index="0">
              <value>
                <![CDATA["Successfully placing an order with a credit card payment"]]>
              </value>
            </param>
            <param index="1">
              <value>
                <![CDATA["Automated UI Testing"]]>
              </value>
            </param>
          </params>
          <reporter-output>
          </reporter-output>
        </test-method> <!-- runScenario -->
        <test-method is-config="true" signature="tearDownClass()[pri:0, instance:com.runner.TestRunner@7fc2413d]" started-at="2025-03-21T09:24:00 IST" name="tearDownClass" finished-at="2025-03-21T09:24:00 IST" duration-ms="202" status="PASS">
          <reporter-output>
          </reporter-output>
        </test-method> <!-- tearDownClass -->
      </class> <!-- com.runner.TestRunner -->
    </test> <!-- Surefire test -->
  </suite> <!-- Surefire suite -->
</testng-results>
