<?xml version="1.0" encoding="UTF-8"?>
<!-- Generated by org.testng.reporters.JUnitReportReporter -->
<testsuite hostname="LAPTOP-8BK19D4J" failures="0" tests="11" name="com.runner.TestRunner" time="114.918" errors="0" timestamp="2025-03-21T09:24:01 IST" skipped="0">
  <testcase classname="com.runner.TestRunner" name="runScenario" time="15.195"/>
  <system-out/>
  <testcase classname="com.runner.TestRunner" name="runScenario" time="7.715"/>
  <system-out/>
  <testcase classname="com.runner.TestRunner" name="runScenario" time="7.961"/>
  <system-out/>
  <testcase classname="com.runner.TestRunner" name="runScenario" time="7.169"/>
  <system-out/>
  <testcase classname="com.runner.TestRunner" name="runScenario" time="7.332"/>
  <system-out/>
  <testcase classname="com.runner.TestRunner" name="runScenario" time="24.750"/>
  <system-out/>
  <testcase classname="com.runner.TestRunner" name="runScenario" time="7.125"/>
  <system-out/>
  <testcase classname="com.runner.TestRunner" name="runScenario" time="7.573"/>
  <system-out/>
  <testcase classname="com.runner.TestRunner" name="runScenario" time="16.336"/>
  <system-out/>
  <testcase classname="com.runner.TestRunner" name="runScenario" time="5.518"/>
  <system-out/>
  <testcase classname="com.runner.TestRunner" name="runScenario" time="8.244"/>
  <system-out/>
</testsuite> <!-- com.runner.TestRunner -->
